<?xml version="1.0" encoding="UTF-8"?>
<testsuite xmlns:xsi="http://www.w3.org/2001/XMLSchema-instance" xsi:noNamespaceSchemaLocation="https://maven.apache.org/surefire/maven-surefire-plugin/xsd/surefire-test-report-3.0.xsd" version="3.0" name="com.ecommerceproject.ECommerceProjectApplicationTests" time="36.95" tests="1" errors="0" skipped="0" failures="0">
  <properties>
[...]
</properties>
  <testcase name="contextLoads" classname="com.ecommerceproject.ECommerceProjectApplicationTests" time="2.831">
    <system-out><![CDATA[11:30:08.885 [main] INFO org.springframework.test.context.support.AnnotationConfigContextLoaderUtils -- Could not detect default configuration classes for test class [com.ecommerceproject.ECommerceProjectApplicationTests]: ECommerceProjectApplicationTests does not declare any static, non-private, non-final, nested classes annotated with @Configuration.
11:30:09.572 [main] INFO org.springframework.boot.test.context.SpringBootTestContextBootstrapper -- Found @SpringBootConfiguration com.ecommerceproject.ECommerceProjectApplication for test class com.ecommerceproject.ECommerceProjectApplicationTests

  .   ____          _            __ _ _
 /\\ / ___'_ __ _ _(_)_ __  __ _ \ \ \ \
( ( )\___ | '_ | '_| | '_ \/ _` | \ \ \ \
 \\/  ___)| |_)| | | | | || (_| |  ) ) ) )
  '  |____| .__|_| |_|_| |_\__, | / / / /
 =========|_|==============|___/=/_/_/_/
 :: Spring Boot ::                (v3.2.2)

2024-04-14T11:30:11.499+05:30  WARN 12044 --- [           main] ory$DuplicateJsonObjectContextCustomizer : 

Found multiple occurrences of org.json.JSONObject on the class path:

	jar:file:/C:/Users/Hridayesh/.m2/repository/org/json/json/20180130/json-20180130.jar!/org/json/JSONObject.class
	jar:file:/C:/Users/Hridayesh/.m2/repository/com/vaadin/external/google/android-json/0.0.20131108.vaadin1/android-json-0.0.20131108.vaadin1.jar!/org/json/JSONObject.class

You may wish to exclude one of them to ensure predictable runtime behavior

2024-04-14T11:30:11.546+05:30  INFO 12044 --- [           main] c.e.ECommerceProjectApplicationTests     : Starting ECommerceProjectApplicationTests using Java 21.0.2 with PID 12044 (started by Hridayesh in C:\myfiles\SpringBootProjects\E-Commerce\E-Commerce-Project)
2024-04-14T11:30:11.548+05:30  INFO 12044 --- [           main] c.e.ECommerceProjectApplicationTests     : No active profile set, falling back to 1 default profile: "default"
2024-04-14T11:30:14.717+05:30  INFO 12044 --- [           main] .s.d.r.c.RepositoryConfigurationDelegate : Bootstrapping Spring Data JPA repositories in DEFAULT mode.
2024-04-14T11:30:15.016+05:30  INFO 12044 --- [           main] .s.d.r.c.RepositoryConfigurationDelegate : Finished Spring Data repository scanning in 275 ms. Found 11 JPA repository interfaces.
2024-04-14T11:30:17.636+05:30  INFO 12044 --- [           main] o.hibernate.jpa.internal.util.LogHelper  : HHH000204: Processing PersistenceUnitInfo [name: default]
2024-04-14T11:30:17.879+05:30  INFO 12044 --- [           main] org.hibernate.Version                    : HHH000412: Hibernate ORM core version 6.4.1.Final
2024-04-14T11:30:18.148+05:30  INFO 12044 --- [           main] o.h.c.internal.RegionFactoryInitiator    : HHH000026: Second-level cache disabled
2024-04-14T11:30:19.074+05:30  INFO 12044 --- [           main] o.s.o.j.p.SpringPersistenceUnitInfo      : No LoadTimeWeaver setup: ignoring JPA class transformer
2024-04-14T11:30:19.190+05:30  INFO 12044 --- [           main] com.zaxxer.hikari.HikariDataSource       : HikariPool-1 - Starting...
2024-04-14T11:30:20.794+05:30  INFO 12044 --- [           main] com.zaxxer.hikari.pool.HikariPool        : HikariPool-1 - Added connection com.mysql.cj.jdbc.ConnectionImpl@714c74eb
2024-04-14T11:30:20.798+05:30  INFO 12044 --- [           main] com.zaxxer.hikari.HikariDataSource       : HikariPool-1 - Start completed.
2024-04-14T11:30:27.149+05:30  INFO 12044 --- [           main] o.h.e.t.j.p.i.JtaPlatformInitiator       : HHH000489: No JTA platform available (set 'hibernate.transaction.jta.platform' to enable JTA platform integration)
2024-04-14T11:30:27.697+05:30  INFO 12044 --- [           main] j.LocalContainerEntityManagerFactoryBean : Initialized JPA EntityManagerFactory for persistence unit 'default'
2024-04-14T11:30:30.424+05:30  INFO 12044 --- [           main] o.s.d.j.r.query.QueryEnhancerFactory     : Hibernate is in classpath; If applicable, HQL parser will be used.
2024-04-14T11:30:34.278+05:30  WARN 12044 --- [           main] JpaBaseConfiguration$JpaWebConfiguration : spring.jpa.open-in-view is enabled by default. Therefore, database queries may be performed during view rendering. Explicitly configure spring.jpa.open-in-view to disable this warning
2024-04-14T11:30:39.334+05:30  INFO 12044 --- [           main] o.s.s.web.DefaultSecurityFilterChain     : Will secure any request with [org.springframework.security.web.session.DisableEncodeUrlFilter@5e88cef1, org.springframework.security.web.context.request.async.WebAsyncManagerIntegrationFilter@c2b2b92, org.springframework.security.web.context.SecurityContextHolderFilter@381602e1, org.springframework.security.web.header.HeaderWriterFilter@463aa3da, org.springframework.web.filter.CorsFilter@36e73413, org.springframework.security.web.authentication.logout.LogoutFilter@68f1b06b, com.ecommerceproject.Security.JwtValidator@2688b2be, org.springframework.security.web.savedrequest.RequestCacheAwareFilter@3e3c2aa4, org.springframework.security.web.servletapi.SecurityContextHolderAwareRequestFilter@28b7afdb, org.springframework.security.web.authentication.AnonymousAuthenticationFilter@3f14897, org.springframework.security.web.session.SessionManagementFilter@4e06d526, org.springframework.security.web.access.ExceptionTranslationFilter@2603ad0a, org.springframework.security.web.access.intercept.AuthorizationFilter@1235086c]
2024-04-14T11:30:41.850+05:30  INFO 12044 --- [           main] c.e.ECommerceProjectApplicationTests     : Started ECommerceProjectApplicationTests in 31.736 seconds (process running for 35.708)
]]></system-out>
    <system-err><![CDATA[WARNING: A Java agent has been loaded dynamically (C:\Users\Hridayesh\.m2\repository\net\bytebuddy\byte-buddy-agent\1.14.11\byte-buddy-agent-1.14.11.jar)
WARNING: If a serviceability tool is in use, please run with -XX:+EnableDynamicAgentLoading to hide this warning
WARNING: If a serviceability tool is not in use, please run with -Djdk.instrument.traceUsage for more information
WARNING: Dynamic loading of agents will be disallowed by default in a future release
]]></system-err>
  </testcase>
</testsuite>